[2020-12-29 04:40:03,831] INFO Registered kafka:type=kafka.Log4jController MBean (kafka.utils.Log4jControllerRegistration$)
[2020-12-29 04:40:04,410] INFO Setting -D jdk.tls.rejectClientInitiatedRenegotiation=true to disable client-initiated TLS renegotiation (org.apache.zookeeper.common.X509Util)
[2020-12-29 04:40:04,505] INFO Registered signal handlers for TERM, INT, HUP (org.apache.kafka.common.utils.LoggingSignalHandler)
[2020-12-29 04:40:04,512] INFO starting (kafka.server.KafkaServer)
[2020-12-29 04:40:04,514] INFO Connecting to zookeeper on localhost:2181 (kafka.server.KafkaServer)
[2020-12-29 04:40:04,556] INFO [ZooKeeperClient Kafka server] Initializing a new session to localhost:2181. (kafka.zookeeper.ZooKeeperClient)
[2020-12-29 04:40:04,564] INFO Client environment:zookeeper.version=3.5.8-f439ca583e70862c3068a1f2a7d4d068eec33315, built on 05/04/2020 15:53 GMT (org.apache.zookeeper.ZooKeeper)
[2020-12-29 04:40:04,564] INFO Client environment:host.name=kali (org.apache.zookeeper.ZooKeeper)
[2020-12-29 04:40:04,565] INFO Client environment:java.version=11.0.8 (org.apache.zookeeper.ZooKeeper)
[2020-12-29 04:40:04,565] INFO Client environment:java.vendor=Debian (org.apache.zookeeper.ZooKeeper)
[2020-12-29 04:40:04,565] INFO Client environment:java.home=/usr/lib/jvm/java-11-openjdk-amd64 (org.apache.zookeeper.ZooKeeper)
[2020-12-29 04:40:04,565] INFO Client environment:java.class.path=/home/sudhir/docker-dir/confluent-6.0.0/scripts/../bin/../share/java/kafka/commons-cli-1.4.jar:/home/sudhir/docker-dir/confluent-6.0.0/scripts/../bin/../share/java/kafka/zookeeper-jute-3.5.8.jar:/home/sudhir/docker-dir/confluent-6.0.0/scripts/../bin/../share/java/kafka/confluent-log4j-1.2.17-cp2.jar:/home/sudhir/docker-dir/confluent-6.0.0/scripts/../bin/../share/java/kafka/scala-reflect-2.13.2.jar:/home/sudhir/docker-dir/confluent-6.0.0/scripts/../bin/../share/java/kafka/netty-resolver-4.1.50.Final.jar:/home/sudhir/docker-dir/confluent-6.0.0/scripts/../bin/../share/java/kafka/jakarta.validation-api-2.0.2.jar:/home/sudhir/docker-dir/confluent-6.0.0/scripts/../bin/../share/java/kafka/hk2-utils-2.6.1.jar:/home/sudhir/docker-dir/confluent-6.0.0/scripts/../bin/../share/java/kafka/javassist-3.26.0-GA.jar:/home/sudhir/docker-dir/confluent-6.0.0/scripts/../bin/../share/java/kafka/jakarta.activation-api-1.2.1.jar:/home/sudhir/docker-dir/confluent-6.0.0/scripts/../bin/../share/java/kafka/metrics-core-2.2.0.jar:/home/sudhir/docker-dir/confluent-6.0.0/scripts/../bin/../share/java/kafka/paranamer-2.8.jar:/home/sudhir/docker-dir/confluent-6.0.0/scripts/../bin/../share/java/kafka/reflections-0.9.12.jar:/home/sudhir/docker-dir/confluent-6.0.0/scripts/../bin/../share/java/kafka/kafka-streams-scala_2.13-6.0.0-ccs.jar:/home/sudhir/docker-dir/confluent-6.0.0/scripts/../bin/../share/java/kafka/zstd-jni-1.4.4-7.jar:/home/sudhir/docker-dir/confluent-6.0.0/scripts/../bin/../share/java/kafka/jetty-util-9.4.24.v20191120.jar:/home/sudhir/docker-dir/confluent-6.0.0/scripts/../bin/../share/java/kafka/connect-transforms-6.0.0-ccs.jar:/home/sudhir/docker-dir/confluent-6.0.0/scripts/../bin/../share/java/kafka/lz4-java-1.7.1.jar:/home/sudhir/docker-dir/confluent-6.0.0/scripts/../bin/../share/java/kafka/kafka-streams-test-utils-6.0.0-ccs.jar:/home/sudhir/docker-dir/confluent-6.0.0/scripts/../bin/../share/java/kafka/jakarta.ws.rs-api-2.1.6.jar:/home/sudhir/docker-dir/confluent-6.0.0/scripts/../bin/../share/java/kafka/jetty-servlet-9.4.24.v20191120.jar:/home/sudhir/docker-dir/confluent-6.0.0/scripts/../bin/../share/java/kafka/kafka-clients-6.0.0-ccs.jar:/home/sudhir/docker-dir/confluent-6.0.0/scripts/../bin/../share/java/kafka/jackson-datatype-jdk8-2.10.5.jar:/home/sudhir/docker-dir/confluent-6.0.0/scripts/../bin/../share/java/kafka/snappy-java-1.1.7.3.jar:/home/sudhir/docker-dir/confluent-6.0.0/scripts/../bin/../share/java/kafka/activation-1.1.1.jar:/home/sudhir/docker-dir/confluent-6.0.0/scripts/../bin/../share/java/kafka/audience-annotations-0.5.0.jar:/home/sudhir/docker-dir/confluent-6.0.0/scripts/../bin/../share/java/kafka/maven-artifact-3.6.3.jar:/home/sudhir/docker-dir/confluent-6.0.0/scripts/../bin/../share/java/kafka/jersey-media-jaxb-2.30.jar:/home/sudhir/docker-dir/confluent-6.0.0/scripts/../bin/../share/java/kafka/netty-buffer-4.1.50.Final.jar:/home/sudhir/docker-dir/confluent-6.0.0/scripts/../bin/../share/java/kafka/kafka_2.13-6.0.0-ccs-test.jar:/home/sudhir/docker-dir/confluent-6.0.0/scripts/../bin/../share/java/kafka/jackson-jaxrs-json-provider-2.10.5.jar:/home/sudhir/docker-dir/confluent-6.0.0/scripts/../bin/../share/java/kafka/connect-json-6.0.0-ccs.jar:/home/sudhir/docker-dir/confluent-6.0.0/scripts/../bin/../share/java/kafka/jetty-client-9.4.24.v20191120.jar:/home/sudhir/docker-dir/confluent-6.0.0/scripts/../bin/../share/java/kafka/netty-transport-native-unix-common-4.1.50.Final.jar:/home/sudhir/docker-dir/confluent-6.0.0/scripts/../bin/../share/java/kafka/slf4j-log4j12-1.7.30.jar:/home/sudhir/docker-dir/confluent-6.0.0/scripts/../bin/../share/java/kafka/kafka.jar:/home/sudhir/docker-dir/confluent-6.0.0/scripts/../bin/../share/java/kafka/kafka_2.13-6.0.0-ccs-test-sources.jar:/home/sudhir/docker-dir/confluent-6.0.0/scripts/../bin/../share/java/kafka/connect-basic-auth-extension-6.0.0-ccs.jar:/home/sudhir/docker-dir/confluent-6.0.0/scripts/../bin/../share/java/kafka/jackson-module-paranamer-2.10.5.jar:/home/sudhir/docker-dir/confluent-6.0.0/scripts/../bin/../share/java/kafka/kafka_2.13-6.0.0-ccs-scaladoc.jar:/home/sudhir/docker-dir/confluent-6.0.0/scripts/../bin/../share/java/kafka/commons-lang3-3.8.1.jar:/home/sudhir/docker-dir/confluent-6.0.0/scripts/../bin/../share/java/kafka/argparse4j-0.7.0.jar:/home/sudhir/docker-dir/confluent-6.0.0/scripts/../bin/../share/java/kafka/jersey-client-2.30.jar:/home/sudhir/docker-dir/confluent-6.0.0/scripts/../bin/../share/java/kafka/jersey-container-servlet-core-2.30.jar:/home/sudhir/docker-dir/confluent-6.0.0/scripts/../bin/../share/java/kafka/kafka_2.13-6.0.0-ccs-sources.jar:/home/sudhir/docker-dir/confluent-6.0.0/scripts/../bin/../share/java/kafka/slf4j-api-1.7.30.jar:/home/sudhir/docker-dir/confluent-6.0.0/scripts/../bin/../share/java/kafka/javax.servlet-api-3.1.0.jar:/home/sudhir/docker-dir/confluent-6.0.0/scripts/../bin/../share/java/kafka/jackson-annotations-2.10.5.jar:/home/sudhir/docker-dir/confluent-6.0.0/scripts/../bin/../share/java/kafka/netty-transport-4.1.50.Final.jar:/home/sudhir/docker-dir/confluent-6.0.0/scripts/../bin/../share/java/kafka/jackson-jaxrs-base-2.10.5.jar:/home/sudhir/docker-dir/confluent-6.0.0/scripts/../bin/../share/java/kafka/hk2-api-2.6.1.jar:/home/sudhir/docker-dir/confluent-6.0.0/scripts/../bin/../share/java/kafka/netty-transport-native-epoll-4.1.50.Final.jar:/home/sudhir/docker-dir/confluent-6.0.0/scripts/../bin/../share/java/kafka/kafka-streams-6.0.0-ccs.jar:/home/sudhir/docker-dir/confluent-6.0.0/scripts/../bin/../share/java/kafka/kafka_2.13-6.0.0-ccs.jar:/home/sudhir/docker-dir/confluent-6.0.0/scripts/../bin/../share/java/kafka/plexus-utils-3.2.1.jar:/home/sudhir/docker-dir/confluent-6.0.0/scripts/../bin/../share/java/kafka/netty-codec-4.1.50.Final.jar:/home/sudhir/docker-dir/confluent-6.0.0/scripts/../bin/../share/java/kafka/hk2-locator-2.6.1.jar:/home/sudhir/docker-dir/confluent-6.0.0/scripts/../bin/../share/java/kafka/jetty-http-9.4.24.v20191120.jar:/home/sudhir/docker-dir/confluent-6.0.0/scripts/../bin/../share/java/kafka/kafka-log4j-appender-6.0.0-ccs.jar:/home/sudhir/docker-dir/confluent-6.0.0/scripts/../bin/../share/java/kafka/jackson-core-2.10.5.jar:/home/sudhir/docker-dir/confluent-6.0.0/scripts/../bin/../share/java/kafka/connect-mirror-6.0.0-ccs.jar:/home/sudhir/docker-dir/confluent-6.0.0/scripts/../bin/../share/java/kafka/jaxb-api-2.3.0.jar:/home/sudhir/docker-dir/confluent-6.0.0/scripts/../bin/../share/java/kafka/jetty-io-9.4.24.v20191120.jar:/home/sudhir/docker-dir/confluent-6.0.0/scripts/../bin/../share/java/kafka/jetty-servlets-9.4.24.v20191120.jar:/home/sudhir/docker-dir/confluent-6.0.0/scripts/../bin/../share/java/kafka/jetty-server-9.4.24.v20191120.jar:/home/sudhir/docker-dir/confluent-6.0.0/scripts/../bin/../share/java/kafka/javassist-3.25.0-GA.jar:/home/sudhir/docker-dir/confluent-6.0.0/scripts/../bin/../share/java/kafka/javax.ws.rs-api-2.1.1.jar:/home/sudhir/docker-dir/confluent-6.0.0/scripts/../bin/../share/java/kafka/scala-java8-compat_2.13-0.9.1.jar:/home/sudhir/docker-dir/confluent-6.0.0/scripts/../bin/../share/java/kafka/scala-library-2.13.2.jar:/home/sudhir/docker-dir/confluent-6.0.0/scripts/../bin/../share/java/kafka/jersey-common-2.30.jar:/home/sudhir/docker-dir/confluent-6.0.0/scripts/../bin/../share/java/kafka/rocksdbjni-5.18.4.jar:/home/sudhir/docker-dir/confluent-6.0.0/scripts/../bin/../share/java/kafka/zookeeper-3.5.8.jar:/home/sudhir/docker-dir/confluent-6.0.0/scripts/../bin/../share/java/kafka/jakarta.inject-2.6.1.jar:/home/sudhir/docker-dir/confluent-6.0.0/scripts/../bin/../share/java/kafka/jersey-server-2.30.jar:/home/sudhir/docker-dir/confluent-6.0.0/scripts/../bin/../share/java/kafka/netty-handler-4.1.50.Final.jar:/home/sudhir/docker-dir/confluent-6.0.0/scripts/../bin/../share/java/kafka/kafka_2.13-6.0.0-ccs-javadoc.jar:/home/sudhir/docker-dir/confluent-6.0.0/scripts/../bin/../share/java/kafka/connect-api-6.0.0-ccs.jar:/home/sudhir/docker-dir/confluent-6.0.0/scripts/../bin/../share/java/kafka/jackson-dataformat-csv-2.10.5.jar:/home/sudhir/docker-dir/confluent-6.0.0/scripts/../bin/../share/java/kafka/scala-logging_2.13-3.9.2.jar:/home/sudhir/docker-dir/confluent-6.0.0/scripts/../bin/../share/java/kafka/netty-common-4.1.50.Final.jar:/home/sudhir/docker-dir/confluent-6.0.0/scripts/../bin/../share/java/kafka/osgi-resource-locator-1.0.3.jar:/home/sudhir/docker-dir/confluent-6.0.0/scripts/../bin/../share/java/kafka/jakarta.xml.bind-api-2.3.2.jar:/home/sudhir/docker-dir/confluent-6.0.0/scripts/../bin/../share/java/kafka/jopt-simple-5.0.4.jar:/home/sudhir/docker-dir/confluent-6.0.0/scripts/../bin/../share/java/kafka/aopalliance-repackaged-2.6.1.jar:/home/sudhir/docker-dir/confluent-6.0.0/scripts/../bin/../share/java/kafka/kafka-tools-6.0.0-ccs.jar:/home/sudhir/docker-dir/confluent-6.0.0/scripts/../bin/../share/java/kafka/connect-mirror-client-6.0.0-ccs.jar:/home/sudhir/docker-dir/confluent-6.0.0/scripts/../bin/../share/java/kafka/kafka-streams-examples-6.0.0-ccs.jar:/home/sudhir/docker-dir/confluent-6.0.0/scripts/../bin/../share/java/kafka/connect-file-6.0.0-ccs.jar:/home/sudhir/docker-dir/confluent-6.0.0/scripts/../bin/../share/java/kafka/jetty-security-9.4.24.v20191120.jar:/home/sudhir/docker-dir/confluent-6.0.0/scripts/../bin/../share/java/kafka/jersey-container-servlet-2.30.jar:/home/sudhir/docker-dir/confluent-6.0.0/scripts/../bin/../share/java/kafka/jackson-module-scala_2.13-2.10.5.jar:/home/sudhir/docker-dir/confluent-6.0.0/scripts/../bin/../share/java/kafka/jakarta.annotation-api-1.3.5.jar:/home/sudhir/docker-dir/confluent-6.0.0/scripts/../bin/../share/java/kafka/scala-collection-compat_2.13-2.1.6.jar:/home/sudhir/docker-dir/confluent-6.0.0/scripts/../bin/../share/java/kafka/jersey-hk2-2.30.jar:/home/sudhir/docker-dir/confluent-6.0.0/scripts/../bin/../share/java/kafka/jetty-continuation-9.4.24.v20191120.jar:/home/sudhir/docker-dir/confluent-6.0.0/scripts/../bin/../share/java/kafka/jackson-databind-2.10.5.jar:/home/sudhir/docker-dir/confluent-6.0.0/scripts/../bin/../share/java/kafka/connect-runtime-6.0.0-ccs.jar:/home/sudhir/docker-dir/confluent-6.0.0/scripts/../bin/../share/java/kafka/jackson-module-jaxb-annotations-2.10.5.jar:/home/sudhir/docker-dir/confluent-6.0.0/scripts/../bin/../share/java/confluent-telemetry/* (org.apache.zookeeper.ZooKeeper)
[2020-12-29 04:40:04,567] INFO Client environment:java.library.path=/usr/java/packages/lib:/usr/lib/x86_64-linux-gnu/jni:/lib/x86_64-linux-gnu:/usr/lib/x86_64-linux-gnu:/usr/lib/jni:/lib:/usr/lib (org.apache.zookeeper.ZooKeeper)
[2020-12-29 04:40:04,569] INFO Client environment:java.io.tmpdir=/tmp (org.apache.zookeeper.ZooKeeper)
[2020-12-29 04:40:04,569] INFO Client environment:java.compiler=<NA> (org.apache.zookeeper.ZooKeeper)
[2020-12-29 04:40:04,569] INFO Client environment:os.name=Linux (org.apache.zookeeper.ZooKeeper)
[2020-12-29 04:40:04,570] INFO Client environment:os.arch=amd64 (org.apache.zookeeper.ZooKeeper)
[2020-12-29 04:40:04,570] INFO Client environment:os.version=5.7.0-kali1-amd64 (org.apache.zookeeper.ZooKeeper)
[2020-12-29 04:40:04,570] INFO Client environment:user.name=root (org.apache.zookeeper.ZooKeeper)
[2020-12-29 04:40:04,571] INFO Client environment:user.home=/root (org.apache.zookeeper.ZooKeeper)
[2020-12-29 04:40:04,571] INFO Client environment:user.dir=/home/sudhir/docker-dir/confluent-6.0.0/scripts (org.apache.zookeeper.ZooKeeper)
[2020-12-29 04:40:04,571] INFO Client environment:os.memory.free=982MB (org.apache.zookeeper.ZooKeeper)
[2020-12-29 04:40:04,572] INFO Client environment:os.memory.max=1024MB (org.apache.zookeeper.ZooKeeper)
[2020-12-29 04:40:04,572] INFO Client environment:os.memory.total=1024MB (org.apache.zookeeper.ZooKeeper)
[2020-12-29 04:40:04,576] INFO Initiating client connection, connectString=localhost:2181 sessionTimeout=18000 watcher=kafka.zookeeper.ZooKeeperClient$ZooKeeperClientWatcher$@7d9f158f (org.apache.zookeeper.ZooKeeper)
[2020-12-29 04:40:04,586] INFO jute.maxbuffer value is 4194304 Bytes (org.apache.zookeeper.ClientCnxnSocket)
[2020-12-29 04:40:04,594] INFO zookeeper.request.timeout value is 0. feature enabled= (org.apache.zookeeper.ClientCnxn)
[2020-12-29 04:40:04,607] INFO [ZooKeeperClient Kafka server] Waiting until connected. (kafka.zookeeper.ZooKeeperClient)
[2020-12-29 04:40:04,666] INFO Opening socket connection to server localhost/0:0:0:0:0:0:0:1:2181. Will not attempt to authenticate using SASL (unknown error) (org.apache.zookeeper.ClientCnxn)
[2020-12-29 04:40:04,721] INFO Socket connection established, initiating session, client: /0:0:0:0:0:0:0:1:59628, server: localhost/0:0:0:0:0:0:0:1:2181 (org.apache.zookeeper.ClientCnxn)
[2020-12-29 04:40:04,744] INFO Session establishment complete on server localhost/0:0:0:0:0:0:0:1:2181, sessionid = 0x10004378f670001, negotiated timeout = 18000 (org.apache.zookeeper.ClientCnxn)
[2020-12-29 04:40:04,756] INFO [ZooKeeperClient Kafka server] Connected. (kafka.zookeeper.ZooKeeperClient)
[2020-12-29 04:40:05,266] INFO Cluster ID = zcDfx_RZS7m7ivr4Pe8q8Q (kafka.server.KafkaServer)
[2020-12-29 04:40:05,274] WARN No meta.properties file under dir /tmp/kafka-logs-92/meta.properties (kafka.server.BrokerMetadataCheckpoint)
[2020-12-29 04:40:05,383] INFO KafkaConfig values: 
	advertised.host.name = null
	advertised.listeners = PLAINTEXT://192.168.8.128:9092
	advertised.port = null
	alter.config.policy.class.name = null
	alter.log.dirs.replication.quota.window.num = 11
	alter.log.dirs.replication.quota.window.size.seconds = 1
	authorizer.class.name = 
	auto.create.topics.enable = true
	auto.leader.rebalance.enable = true
	background.threads = 10
	broker.id = 92
	broker.id.generation.enable = true
	broker.rack = null
	client.quota.callback.class = null
	compression.type = producer
	connection.failed.authentication.delay.ms = 100
	connections.max.idle.ms = 600000
	connections.max.reauth.ms = 0
	control.plane.listener.name = null
	controlled.shutdown.enable = true
	controlled.shutdown.max.retries = 3
	controlled.shutdown.retry.backoff.ms = 5000
	controller.socket.timeout.ms = 30000
	create.topic.policy.class.name = null
	default.replication.factor = 1
	delegation.token.expiry.check.interval.ms = 3600000
	delegation.token.expiry.time.ms = 86400000
	delegation.token.master.key = null
	delegation.token.max.lifetime.ms = 604800000
	delete.records.purgatory.purge.interval.requests = 1
	delete.topic.enable = true
	fetch.max.bytes = 57671680
	fetch.purgatory.purge.interval.requests = 1000
	group.initial.rebalance.delay.ms = 0
	group.max.session.timeout.ms = 1800000
	group.max.size = 2147483647
	group.min.session.timeout.ms = 6000
	host.name = 
	inter.broker.listener.name = null
	inter.broker.protocol.version = 2.6-IV0
	kafka.metrics.polling.interval.secs = 10
	kafka.metrics.reporters = []
	leader.imbalance.check.interval.seconds = 300
	leader.imbalance.per.broker.percentage = 10
	listener.security.protocol.map = PLAINTEXT:PLAINTEXT,SSL:SSL,SASL_PLAINTEXT:SASL_PLAINTEXT,SASL_SSL:SASL_SSL
	listeners = PLAINTEXT://:0.0.0.0:9092
	log.cleaner.backoff.ms = 15000
	log.cleaner.dedupe.buffer.size = 134217728
	log.cleaner.delete.retention.ms = 86400000
	log.cleaner.enable = true
	log.cleaner.io.buffer.load.factor = 0.9
	log.cleaner.io.buffer.size = 524288
	log.cleaner.io.max.bytes.per.second = 1.7976931348623157E308
	log.cleaner.max.compaction.lag.ms = 9223372036854775807
	log.cleaner.min.cleanable.ratio = 0.5
	log.cleaner.min.compaction.lag.ms = 0
	log.cleaner.threads = 1
	log.cleanup.policy = [delete]
	log.dir = /tmp/kafka-logs
	log.dirs = /tmp/kafka-logs-92
	log.flush.interval.messages = 9223372036854775807
	log.flush.interval.ms = null
	log.flush.offset.checkpoint.interval.ms = 60000
	log.flush.scheduler.interval.ms = 9223372036854775807
	log.flush.start.offset.checkpoint.interval.ms = 60000
	log.index.interval.bytes = 4096
	log.index.size.max.bytes = 10485760
	log.message.downconversion.enable = true
	log.message.format.version = 2.6-IV0
	log.message.timestamp.difference.max.ms = 9223372036854775807
	log.message.timestamp.type = CreateTime
	log.preallocate = false
	log.retention.bytes = -1
	log.retention.check.interval.ms = 300000
	log.retention.hours = 168
	log.retention.minutes = null
	log.retention.ms = null
	log.roll.hours = 168
	log.roll.jitter.hours = 0
	log.roll.jitter.ms = null
	log.roll.ms = null
	log.segment.bytes = 1073741824
	log.segment.delete.delay.ms = 60000
	max.connections = 2147483647
	max.connections.per.ip = 2147483647
	max.connections.per.ip.overrides = 
	max.incremental.fetch.session.cache.slots = 1000
	message.max.bytes = 1048588
	metric.reporters = []
	metrics.num.samples = 2
	metrics.recording.level = INFO
	metrics.sample.window.ms = 30000
	min.insync.replicas = 1
	num.io.threads = 8
	num.network.threads = 3
	num.partitions = 1
	num.recovery.threads.per.data.dir = 1
	num.replica.alter.log.dirs.threads = null
	num.replica.fetchers = 1
	offset.metadata.max.bytes = 4096
	offsets.commit.required.acks = -1
	offsets.commit.timeout.ms = 5000
	offsets.load.buffer.size = 5242880
	offsets.retention.check.interval.ms = 600000
	offsets.retention.minutes = 10080
	offsets.topic.compression.codec = 0
	offsets.topic.num.partitions = 50
	offsets.topic.replication.factor = 1
	offsets.topic.segment.bytes = 104857600
	password.encoder.cipher.algorithm = AES/CBC/PKCS5Padding
	password.encoder.iterations = 4096
	password.encoder.key.length = 128
	password.encoder.keyfactory.algorithm = null
	password.encoder.old.secret = null
	password.encoder.secret = null
	port = 9092
	principal.builder.class = null
	producer.purgatory.purge.interval.requests = 1000
	queued.max.request.bytes = -1
	queued.max.requests = 500
	quota.consumer.default = 9223372036854775807
	quota.producer.default = 9223372036854775807
	quota.window.num = 11
	quota.window.size.seconds = 1
	replica.fetch.backoff.ms = 1000
	replica.fetch.max.bytes = 1048576
	replica.fetch.min.bytes = 1
	replica.fetch.response.max.bytes = 10485760
	replica.fetch.wait.max.ms = 500
	replica.high.watermark.checkpoint.interval.ms = 5000
	replica.lag.time.max.ms = 30000
	replica.selector.class = null
	replica.socket.receive.buffer.bytes = 65536
	replica.socket.timeout.ms = 30000
	replication.quota.window.num = 11
	replication.quota.window.size.seconds = 1
	request.timeout.ms = 30000
	reserved.broker.max.id = 1000
	sasl.client.callback.handler.class = null
	sasl.enabled.mechanisms = [GSSAPI]
	sasl.jaas.config = null
	sasl.kerberos.kinit.cmd = /usr/bin/kinit
	sasl.kerberos.min.time.before.relogin = 60000
	sasl.kerberos.principal.to.local.rules = [DEFAULT]
	sasl.kerberos.service.name = null
	sasl.kerberos.ticket.renew.jitter = 0.05
	sasl.kerberos.ticket.renew.window.factor = 0.8
	sasl.login.callback.handler.class = null
	sasl.login.class = null
	sasl.login.refresh.buffer.seconds = 300
	sasl.login.refresh.min.period.seconds = 60
	sasl.login.refresh.window.factor = 0.8
	sasl.login.refresh.window.jitter = 0.05
	sasl.mechanism.inter.broker.protocol = GSSAPI
	sasl.server.callback.handler.class = null
	security.inter.broker.protocol = PLAINTEXT
	security.providers = null
	socket.receive.buffer.bytes = 102400
	socket.request.max.bytes = 104857600
	socket.send.buffer.bytes = 102400
	ssl.cipher.suites = []
	ssl.client.auth = none
	ssl.enabled.protocols = [TLSv1.2, TLSv1.3]
	ssl.endpoint.identification.algorithm = https
	ssl.engine.factory.class = null
	ssl.key.password = null
	ssl.keymanager.algorithm = SunX509
	ssl.keystore.location = null
	ssl.keystore.password = null
	ssl.keystore.type = JKS
	ssl.principal.mapping.rules = DEFAULT
	ssl.protocol = TLSv1.3
	ssl.provider = null
	ssl.secure.random.implementation = null
	ssl.trustmanager.algorithm = PKIX
	ssl.truststore.location = null
	ssl.truststore.password = null
	ssl.truststore.type = JKS
	transaction.abort.timed.out.transaction.cleanup.interval.ms = 10000
	transaction.max.timeout.ms = 900000
	transaction.remove.expired.transaction.cleanup.interval.ms = 3600000
	transaction.state.log.load.buffer.size = 5242880
	transaction.state.log.min.isr = 1
	transaction.state.log.num.partitions = 50
	transaction.state.log.replication.factor = 1
	transaction.state.log.segment.bytes = 104857600
	transactional.id.expiration.ms = 604800000
	unclean.leader.election.enable = false
	zookeeper.clientCnxnSocket = null
	zookeeper.connect = localhost:2181
	zookeeper.connection.timeout.ms = 18000
	zookeeper.max.in.flight.requests = 10
	zookeeper.session.timeout.ms = 18000
	zookeeper.set.acl = false
	zookeeper.ssl.cipher.suites = null
	zookeeper.ssl.client.enable = false
	zookeeper.ssl.crl.enable = false
	zookeeper.ssl.enabled.protocols = null
	zookeeper.ssl.endpoint.identification.algorithm = HTTPS
	zookeeper.ssl.keystore.location = null
	zookeeper.ssl.keystore.password = null
	zookeeper.ssl.keystore.type = null
	zookeeper.ssl.ocsp.enable = false
	zookeeper.ssl.protocol = TLSv1.2
	zookeeper.ssl.truststore.location = null
	zookeeper.ssl.truststore.password = null
	zookeeper.ssl.truststore.type = null
	zookeeper.sync.time.ms = 2000
 (kafka.server.KafkaConfig)
[2020-12-29 04:40:05,406] INFO KafkaConfig values: 
	advertised.host.name = null
	advertised.listeners = PLAINTEXT://192.168.8.128:9092
	advertised.port = null
	alter.config.policy.class.name = null
	alter.log.dirs.replication.quota.window.num = 11
	alter.log.dirs.replication.quota.window.size.seconds = 1
	authorizer.class.name = 
	auto.create.topics.enable = true
	auto.leader.rebalance.enable = true
	background.threads = 10
	broker.id = 92
	broker.id.generation.enable = true
	broker.rack = null
	client.quota.callback.class = null
	compression.type = producer
	connection.failed.authentication.delay.ms = 100
	connections.max.idle.ms = 600000
	connections.max.reauth.ms = 0
	control.plane.listener.name = null
	controlled.shutdown.enable = true
	controlled.shutdown.max.retries = 3
	controlled.shutdown.retry.backoff.ms = 5000
	controller.socket.timeout.ms = 30000
	create.topic.policy.class.name = null
	default.replication.factor = 1
	delegation.token.expiry.check.interval.ms = 3600000
	delegation.token.expiry.time.ms = 86400000
	delegation.token.master.key = null
	delegation.token.max.lifetime.ms = 604800000
	delete.records.purgatory.purge.interval.requests = 1
	delete.topic.enable = true
	fetch.max.bytes = 57671680
	fetch.purgatory.purge.interval.requests = 1000
	group.initial.rebalance.delay.ms = 0
	group.max.session.timeout.ms = 1800000
	group.max.size = 2147483647
	group.min.session.timeout.ms = 6000
	host.name = 
	inter.broker.listener.name = null
	inter.broker.protocol.version = 2.6-IV0
	kafka.metrics.polling.interval.secs = 10
	kafka.metrics.reporters = []
	leader.imbalance.check.interval.seconds = 300
	leader.imbalance.per.broker.percentage = 10
	listener.security.protocol.map = PLAINTEXT:PLAINTEXT,SSL:SSL,SASL_PLAINTEXT:SASL_PLAINTEXT,SASL_SSL:SASL_SSL
	listeners = PLAINTEXT://:0.0.0.0:9092
	log.cleaner.backoff.ms = 15000
	log.cleaner.dedupe.buffer.size = 134217728
	log.cleaner.delete.retention.ms = 86400000
	log.cleaner.enable = true
	log.cleaner.io.buffer.load.factor = 0.9
	log.cleaner.io.buffer.size = 524288
	log.cleaner.io.max.bytes.per.second = 1.7976931348623157E308
	log.cleaner.max.compaction.lag.ms = 9223372036854775807
	log.cleaner.min.cleanable.ratio = 0.5
	log.cleaner.min.compaction.lag.ms = 0
	log.cleaner.threads = 1
	log.cleanup.policy = [delete]
	log.dir = /tmp/kafka-logs
	log.dirs = /tmp/kafka-logs-92
	log.flush.interval.messages = 9223372036854775807
	log.flush.interval.ms = null
	log.flush.offset.checkpoint.interval.ms = 60000
	log.flush.scheduler.interval.ms = 9223372036854775807
	log.flush.start.offset.checkpoint.interval.ms = 60000
	log.index.interval.bytes = 4096
	log.index.size.max.bytes = 10485760
	log.message.downconversion.enable = true
	log.message.format.version = 2.6-IV0
	log.message.timestamp.difference.max.ms = 9223372036854775807
	log.message.timestamp.type = CreateTime
	log.preallocate = false
	log.retention.bytes = -1
	log.retention.check.interval.ms = 300000
	log.retention.hours = 168
	log.retention.minutes = null
	log.retention.ms = null
	log.roll.hours = 168
	log.roll.jitter.hours = 0
	log.roll.jitter.ms = null
	log.roll.ms = null
	log.segment.bytes = 1073741824
	log.segment.delete.delay.ms = 60000
	max.connections = 2147483647
	max.connections.per.ip = 2147483647
	max.connections.per.ip.overrides = 
	max.incremental.fetch.session.cache.slots = 1000
	message.max.bytes = 1048588
	metric.reporters = []
	metrics.num.samples = 2
	metrics.recording.level = INFO
	metrics.sample.window.ms = 30000
	min.insync.replicas = 1
	num.io.threads = 8
	num.network.threads = 3
	num.partitions = 1
	num.recovery.threads.per.data.dir = 1
	num.replica.alter.log.dirs.threads = null
	num.replica.fetchers = 1
	offset.metadata.max.bytes = 4096
	offsets.commit.required.acks = -1
	offsets.commit.timeout.ms = 5000
	offsets.load.buffer.size = 5242880
	offsets.retention.check.interval.ms = 600000
	offsets.retention.minutes = 10080
	offsets.topic.compression.codec = 0
	offsets.topic.num.partitions = 50
	offsets.topic.replication.factor = 1
	offsets.topic.segment.bytes = 104857600
	password.encoder.cipher.algorithm = AES/CBC/PKCS5Padding
	password.encoder.iterations = 4096
	password.encoder.key.length = 128
	password.encoder.keyfactory.algorithm = null
	password.encoder.old.secret = null
	password.encoder.secret = null
	port = 9092
	principal.builder.class = null
	producer.purgatory.purge.interval.requests = 1000
	queued.max.request.bytes = -1
	queued.max.requests = 500
	quota.consumer.default = 9223372036854775807
	quota.producer.default = 9223372036854775807
	quota.window.num = 11
	quota.window.size.seconds = 1
	replica.fetch.backoff.ms = 1000
	replica.fetch.max.bytes = 1048576
	replica.fetch.min.bytes = 1
	replica.fetch.response.max.bytes = 10485760
	replica.fetch.wait.max.ms = 500
	replica.high.watermark.checkpoint.interval.ms = 5000
	replica.lag.time.max.ms = 30000
	replica.selector.class = null
	replica.socket.receive.buffer.bytes = 65536
	replica.socket.timeout.ms = 30000
	replication.quota.window.num = 11
	replication.quota.window.size.seconds = 1
	request.timeout.ms = 30000
	reserved.broker.max.id = 1000
	sasl.client.callback.handler.class = null
	sasl.enabled.mechanisms = [GSSAPI]
	sasl.jaas.config = null
	sasl.kerberos.kinit.cmd = /usr/bin/kinit
	sasl.kerberos.min.time.before.relogin = 60000
	sasl.kerberos.principal.to.local.rules = [DEFAULT]
	sasl.kerberos.service.name = null
	sasl.kerberos.ticket.renew.jitter = 0.05
	sasl.kerberos.ticket.renew.window.factor = 0.8
	sasl.login.callback.handler.class = null
	sasl.login.class = null
	sasl.login.refresh.buffer.seconds = 300
	sasl.login.refresh.min.period.seconds = 60
	sasl.login.refresh.window.factor = 0.8
	sasl.login.refresh.window.jitter = 0.05
	sasl.mechanism.inter.broker.protocol = GSSAPI
	sasl.server.callback.handler.class = null
	security.inter.broker.protocol = PLAINTEXT
	security.providers = null
	socket.receive.buffer.bytes = 102400
	socket.request.max.bytes = 104857600
	socket.send.buffer.bytes = 102400
	ssl.cipher.suites = []
	ssl.client.auth = none
	ssl.enabled.protocols = [TLSv1.2, TLSv1.3]
	ssl.endpoint.identification.algorithm = https
	ssl.engine.factory.class = null
	ssl.key.password = null
	ssl.keymanager.algorithm = SunX509
	ssl.keystore.location = null
	ssl.keystore.password = null
	ssl.keystore.type = JKS
	ssl.principal.mapping.rules = DEFAULT
	ssl.protocol = TLSv1.3
	ssl.provider = null
	ssl.secure.random.implementation = null
	ssl.trustmanager.algorithm = PKIX
	ssl.truststore.location = null
	ssl.truststore.password = null
	ssl.truststore.type = JKS
	transaction.abort.timed.out.transaction.cleanup.interval.ms = 10000
	transaction.max.timeout.ms = 900000
	transaction.remove.expired.transaction.cleanup.interval.ms = 3600000
	transaction.state.log.load.buffer.size = 5242880
	transaction.state.log.min.isr = 1
	transaction.state.log.num.partitions = 50
	transaction.state.log.replication.factor = 1
	transaction.state.log.segment.bytes = 104857600
	transactional.id.expiration.ms = 604800000
	unclean.leader.election.enable = false
	zookeeper.clientCnxnSocket = null
	zookeeper.connect = localhost:2181
	zookeeper.connection.timeout.ms = 18000
	zookeeper.max.in.flight.requests = 10
	zookeeper.session.timeout.ms = 18000
	zookeeper.set.acl = false
	zookeeper.ssl.cipher.suites = null
	zookeeper.ssl.client.enable = false
	zookeeper.ssl.crl.enable = false
	zookeeper.ssl.enabled.protocols = null
	zookeeper.ssl.endpoint.identification.algorithm = HTTPS
	zookeeper.ssl.keystore.location = null
	zookeeper.ssl.keystore.password = null
	zookeeper.ssl.keystore.type = null
	zookeeper.ssl.ocsp.enable = false
	zookeeper.ssl.protocol = TLSv1.2
	zookeeper.ssl.truststore.location = null
	zookeeper.ssl.truststore.password = null
	zookeeper.ssl.truststore.type = null
	zookeeper.sync.time.ms = 2000
 (kafka.server.KafkaConfig)
[2020-12-29 04:40:05,501] INFO [ThrottledChannelReaper-Fetch]: Starting (kafka.server.ClientQuotaManager$ThrottledChannelReaper)
[2020-12-29 04:40:05,502] INFO [ThrottledChannelReaper-Produce]: Starting (kafka.server.ClientQuotaManager$ThrottledChannelReaper)
[2020-12-29 04:40:05,513] INFO [ThrottledChannelReaper-Request]: Starting (kafka.server.ClientQuotaManager$ThrottledChannelReaper)
[2020-12-29 04:40:05,591] INFO Log directory /tmp/kafka-logs-92 not found, creating it. (kafka.log.LogManager)
[2020-12-29 04:40:05,602] INFO Loading logs from log dirs ArraySeq(/tmp/kafka-logs-92) (kafka.log.LogManager)
[2020-12-29 04:40:05,611] INFO Attempting recovery for all logs in /tmp/kafka-logs-92 since no clean shutdown file was found (kafka.log.LogManager)
[2020-12-29 04:40:05,631] INFO Loaded 0 logs in 29ms. (kafka.log.LogManager)
[2020-12-29 04:40:05,685] INFO Starting log cleanup with a period of 300000 ms. (kafka.log.LogManager)
[2020-12-29 04:40:05,692] INFO Starting log flusher with a default period of 9223372036854775807 ms. (kafka.log.LogManager)
[2020-12-29 04:40:06,648] ERROR [KafkaServer id=92] Fatal error during KafkaServer startup. Prepare to shutdown (kafka.server.KafkaServer)
org.apache.kafka.common.KafkaException: Socket server failed to bind to :0.0.0.0:9092: Unresolved address.
	at kafka.network.Acceptor.openServerSocket(SocketServer.scala:661)
	at kafka.network.Acceptor.<init>(SocketServer.scala:529)
	at kafka.network.SocketServer.createAcceptor(SocketServer.scala:277)
	at kafka.network.SocketServer.$anonfun$createDataPlaneAcceptorsAndProcessors$1(SocketServer.scala:250)
	at kafka.network.SocketServer.$anonfun$createDataPlaneAcceptorsAndProcessors$1$adapted(SocketServer.scala:248)
	at scala.collection.IterableOnceOps.foreach(IterableOnce.scala:553)
	at scala.collection.IterableOnceOps.foreach$(IterableOnce.scala:551)
	at scala.collection.AbstractIterable.foreach(Iterable.scala:920)
	at kafka.network.SocketServer.createDataPlaneAcceptorsAndProcessors(SocketServer.scala:248)
	at kafka.network.SocketServer.startup(SocketServer.scala:122)
	at kafka.server.KafkaServer.startup(KafkaServer.scala:286)
	at kafka.server.KafkaServerStartable.startup(KafkaServerStartable.scala:44)
	at kafka.Kafka$.main(Kafka.scala:82)
	at kafka.Kafka.main(Kafka.scala)
Caused by: java.net.SocketException: Unresolved address
	at java.base/sun.nio.ch.Net.translateToSocketException(Net.java:170)
	at java.base/sun.nio.ch.Net.translateException(Net.java:196)
	at java.base/sun.nio.ch.Net.translateException(Net.java:202)
	at java.base/sun.nio.ch.ServerSocketAdaptor.bind(ServerSocketAdaptor.java:82)
	at java.base/sun.nio.ch.ServerSocketAdaptor.bind(ServerSocketAdaptor.java:73)
	at kafka.network.Acceptor.openServerSocket(SocketServer.scala:657)
	... 13 more
Caused by: java.nio.channels.UnresolvedAddressException
	at java.base/sun.nio.ch.Net.checkAddress(Net.java:130)
	at java.base/sun.nio.ch.ServerSocketChannelImpl.bind(ServerSocketChannelImpl.java:222)
	at java.base/sun.nio.ch.ServerSocketAdaptor.bind(ServerSocketAdaptor.java:80)
	... 15 more
[2020-12-29 04:40:06,655] INFO [KafkaServer id=92] shutting down (kafka.server.KafkaServer)
[2020-12-29 04:40:06,659] INFO [SocketServer brokerId=92] Stopping socket server request processors (kafka.network.SocketServer)
[2020-12-29 04:40:06,663] INFO [SocketServer brokerId=92] Stopped socket server request processors (kafka.network.SocketServer)
[2020-12-29 04:40:06,675] INFO Shutting down. (kafka.log.LogManager)
[2020-12-29 04:40:06,721] INFO Shutdown complete. (kafka.log.LogManager)
[2020-12-29 04:40:06,729] INFO [ZooKeeperClient Kafka server] Closing. (kafka.zookeeper.ZooKeeperClient)
[2020-12-29 04:40:06,835] INFO Session: 0x10004378f670001 closed (org.apache.zookeeper.ZooKeeper)
[2020-12-29 04:40:06,836] INFO EventThread shut down for session: 0x10004378f670001 (org.apache.zookeeper.ClientCnxn)
[2020-12-29 04:40:06,839] INFO [ZooKeeperClient Kafka server] Closed. (kafka.zookeeper.ZooKeeperClient)
[2020-12-29 04:40:06,840] INFO [ThrottledChannelReaper-Fetch]: Shutting down (kafka.server.ClientQuotaManager$ThrottledChannelReaper)
[2020-12-29 04:40:07,507] INFO [ThrottledChannelReaper-Fetch]: Stopped (kafka.server.ClientQuotaManager$ThrottledChannelReaper)
[2020-12-29 04:40:07,507] INFO [ThrottledChannelReaper-Fetch]: Shutdown completed (kafka.server.ClientQuotaManager$ThrottledChannelReaper)
[2020-12-29 04:40:07,507] INFO [ThrottledChannelReaper-Produce]: Shutting down (kafka.server.ClientQuotaManager$ThrottledChannelReaper)
[2020-12-29 04:40:07,512] INFO [ThrottledChannelReaper-Produce]: Stopped (kafka.server.ClientQuotaManager$ThrottledChannelReaper)
[2020-12-29 04:40:07,512] INFO [ThrottledChannelReaper-Produce]: Shutdown completed (kafka.server.ClientQuotaManager$ThrottledChannelReaper)
[2020-12-29 04:40:07,513] INFO [ThrottledChannelReaper-Request]: Shutting down (kafka.server.ClientQuotaManager$ThrottledChannelReaper)
[2020-12-29 04:40:07,515] INFO [ThrottledChannelReaper-Request]: Stopped (kafka.server.ClientQuotaManager$ThrottledChannelReaper)
[2020-12-29 04:40:07,515] INFO [ThrottledChannelReaper-Request]: Shutdown completed (kafka.server.ClientQuotaManager$ThrottledChannelReaper)
[2020-12-29 04:40:07,516] INFO [SocketServer brokerId=92] Shutting down socket server (kafka.network.SocketServer)
[2020-12-29 04:40:07,622] INFO [SocketServer brokerId=92] Shutdown completed (kafka.network.SocketServer)
[2020-12-29 04:40:07,677] INFO [KafkaServer id=92] shut down completed (kafka.server.KafkaServer)
[2020-12-29 04:40:07,678] ERROR Exiting Kafka. (kafka.server.KafkaServerStartable)
[2020-12-29 04:40:07,679] INFO [KafkaServer id=92] shutting down (kafka.server.KafkaServer)
[2020-12-29 04:40:43,351] INFO Reading configuration from: ../etc/kafka/zookeeper.properties (org.apache.zookeeper.server.quorum.QuorumPeerConfig)
[2020-12-29 04:40:43,354] WARN ../etc/kafka/zookeeper.properties is relative. Prepend ./ to indicate that you're sure! (org.apache.zookeeper.server.quorum.QuorumPeerConfig)
[2020-12-29 04:40:43,380] INFO clientPortAddress is 0.0.0.0:2181 (org.apache.zookeeper.server.quorum.QuorumPeerConfig)
[2020-12-29 04:40:43,385] INFO secureClientPort is not set (org.apache.zookeeper.server.quorum.QuorumPeerConfig)
[2020-12-29 04:40:43,404] INFO autopurge.snapRetainCount set to 3 (org.apache.zookeeper.server.DatadirCleanupManager)
[2020-12-29 04:40:43,407] INFO autopurge.purgeInterval set to 0 (org.apache.zookeeper.server.DatadirCleanupManager)
[2020-12-29 04:40:43,407] INFO Purge task is not scheduled. (org.apache.zookeeper.server.DatadirCleanupManager)
[2020-12-29 04:40:43,407] WARN Either no config or no quorum defined in config, running  in standalone mode (org.apache.zookeeper.server.quorum.QuorumPeerMain)
[2020-12-29 04:40:43,419] INFO Log4j 1.2 jmx support found and enabled. (org.apache.zookeeper.jmx.ManagedUtil)
[2020-12-29 04:40:43,479] INFO Reading configuration from: ../etc/kafka/zookeeper.properties (org.apache.zookeeper.server.quorum.QuorumPeerConfig)
[2020-12-29 04:40:43,480] WARN ../etc/kafka/zookeeper.properties is relative. Prepend ./ to indicate that you're sure! (org.apache.zookeeper.server.quorum.QuorumPeerConfig)
[2020-12-29 04:40:43,485] INFO clientPortAddress is 0.0.0.0:2181 (org.apache.zookeeper.server.quorum.QuorumPeerConfig)
[2020-12-29 04:40:43,485] INFO secureClientPort is not set (org.apache.zookeeper.server.quorum.QuorumPeerConfig)
[2020-12-29 04:40:43,485] INFO Starting server (org.apache.zookeeper.server.ZooKeeperServerMain)
[2020-12-29 04:40:43,496] INFO zookeeper.snapshot.trust.empty : false (org.apache.zookeeper.server.persistence.FileTxnSnapLog)
[2020-12-29 04:40:43,537] INFO Server environment:zookeeper.version=3.5.8-f439ca583e70862c3068a1f2a7d4d068eec33315, built on 05/04/2020 15:53 GMT (org.apache.zookeeper.server.ZooKeeperServer)
[2020-12-29 04:40:43,538] INFO Server environment:host.name=kali (org.apache.zookeeper.server.ZooKeeperServer)
[2020-12-29 04:40:43,538] INFO Server environment:java.version=11.0.8 (org.apache.zookeeper.server.ZooKeeperServer)
[2020-12-29 04:40:43,538] INFO Server environment:java.vendor=Debian (org.apache.zookeeper.server.ZooKeeperServer)
[2020-12-29 04:40:43,538] INFO Server environment:java.home=/usr/lib/jvm/java-11-openjdk-amd64 (org.apache.zookeeper.server.ZooKeeperServer)
[2020-12-29 04:40:43,538] INFO Server environment:java.class.path=/home/sudhir/docker-dir/confluent-6.0.0/scripts/../bin/../share/java/kafka/commons-cli-1.4.jar:/home/sudhir/docker-dir/confluent-6.0.0/scripts/../bin/../share/java/kafka/zookeeper-jute-3.5.8.jar:/home/sudhir/docker-dir/confluent-6.0.0/scripts/../bin/../share/java/kafka/confluent-log4j-1.2.17-cp2.jar:/home/sudhir/docker-dir/confluent-6.0.0/scripts/../bin/../share/java/kafka/scala-reflect-2.13.2.jar:/home/sudhir/docker-dir/confluent-6.0.0/scripts/../bin/../share/java/kafka/netty-resolver-4.1.50.Final.jar:/home/sudhir/docker-dir/confluent-6.0.0/scripts/../bin/../share/java/kafka/jakarta.validation-api-2.0.2.jar:/home/sudhir/docker-dir/confluent-6.0.0/scripts/../bin/../share/java/kafka/hk2-utils-2.6.1.jar:/home/sudhir/docker-dir/confluent-6.0.0/scripts/../bin/../share/java/kafka/javassist-3.26.0-GA.jar:/home/sudhir/docker-dir/confluent-6.0.0/scripts/../bin/../share/java/kafka/jakarta.activation-api-1.2.1.jar:/home/sudhir/docker-dir/confluent-6.0.0/scripts/../bin/../share/java/kafka/metrics-core-2.2.0.jar:/home/sudhir/docker-dir/confluent-6.0.0/scripts/../bin/../share/java/kafka/paranamer-2.8.jar:/home/sudhir/docker-dir/confluent-6.0.0/scripts/../bin/../share/java/kafka/reflections-0.9.12.jar:/home/sudhir/docker-dir/confluent-6.0.0/scripts/../bin/../share/java/kafka/kafka-streams-scala_2.13-6.0.0-ccs.jar:/home/sudhir/docker-dir/confluent-6.0.0/scripts/../bin/../share/java/kafka/zstd-jni-1.4.4-7.jar:/home/sudhir/docker-dir/confluent-6.0.0/scripts/../bin/../share/java/kafka/jetty-util-9.4.24.v20191120.jar:/home/sudhir/docker-dir/confluent-6.0.0/scripts/../bin/../share/java/kafka/connect-transforms-6.0.0-ccs.jar:/home/sudhir/docker-dir/confluent-6.0.0/scripts/../bin/../share/java/kafka/lz4-java-1.7.1.jar:/home/sudhir/docker-dir/confluent-6.0.0/scripts/../bin/../share/java/kafka/kafka-streams-test-utils-6.0.0-ccs.jar:/home/sudhir/docker-dir/confluent-6.0.0/scripts/../bin/../share/java/kafka/jakarta.ws.rs-api-2.1.6.jar:/home/sudhir/docker-dir/confluent-6.0.0/scripts/../bin/../share/java/kafka/jetty-servlet-9.4.24.v20191120.jar:/home/sudhir/docker-dir/confluent-6.0.0/scripts/../bin/../share/java/kafka/kafka-clients-6.0.0-ccs.jar:/home/sudhir/docker-dir/confluent-6.0.0/scripts/../bin/../share/java/kafka/jackson-datatype-jdk8-2.10.5.jar:/home/sudhir/docker-dir/confluent-6.0.0/scripts/../bin/../share/java/kafka/snappy-java-1.1.7.3.jar:/home/sudhir/docker-dir/confluent-6.0.0/scripts/../bin/../share/java/kafka/activation-1.1.1.jar:/home/sudhir/docker-dir/confluent-6.0.0/scripts/../bin/../share/java/kafka/audience-annotations-0.5.0.jar:/home/sudhir/docker-dir/confluent-6.0.0/scripts/../bin/../share/java/kafka/maven-artifact-3.6.3.jar:/home/sudhir/docker-dir/confluent-6.0.0/scripts/../bin/../share/java/kafka/jersey-media-jaxb-2.30.jar:/home/sudhir/docker-dir/confluent-6.0.0/scripts/../bin/../share/java/kafka/netty-buffer-4.1.50.Final.jar:/home/sudhir/docker-dir/confluent-6.0.0/scripts/../bin/../share/java/kafka/kafka_2.13-6.0.0-ccs-test.jar:/home/sudhir/docker-dir/confluent-6.0.0/scripts/../bin/../share/java/kafka/jackson-jaxrs-json-provider-2.10.5.jar:/home/sudhir/docker-dir/confluent-6.0.0/scripts/../bin/../share/java/kafka/connect-json-6.0.0-ccs.jar:/home/sudhir/docker-dir/confluent-6.0.0/scripts/../bin/../share/java/kafka/jetty-client-9.4.24.v20191120.jar:/home/sudhir/docker-dir/confluent-6.0.0/scripts/../bin/../share/java/kafka/netty-transport-native-unix-common-4.1.50.Final.jar:/home/sudhir/docker-dir/confluent-6.0.0/scripts/../bin/../share/java/kafka/slf4j-log4j12-1.7.30.jar:/home/sudhir/docker-dir/confluent-6.0.0/scripts/../bin/../share/java/kafka/kafka.jar:/home/sudhir/docker-dir/confluent-6.0.0/scripts/../bin/../share/java/kafka/kafka_2.13-6.0.0-ccs-test-sources.jar:/home/sudhir/docker-dir/confluent-6.0.0/scripts/../bin/../share/java/kafka/connect-basic-auth-extension-6.0.0-ccs.jar:/home/sudhir/docker-dir/confluent-6.0.0/scripts/../bin/../share/java/kafka/jackson-module-paranamer-2.10.5.jar:/home/sudhir/docker-dir/confluent-6.0.0/scripts/../bin/../share/java/kafka/kafka_2.13-6.0.0-ccs-scaladoc.jar:/home/sudhir/docker-dir/confluent-6.0.0/scripts/../bin/../share/java/kafka/commons-lang3-3.8.1.jar:/home/sudhir/docker-dir/confluent-6.0.0/scripts/../bin/../share/java/kafka/argparse4j-0.7.0.jar:/home/sudhir/docker-dir/confluent-6.0.0/scripts/../bin/../share/java/kafka/jersey-client-2.30.jar:/home/sudhir/docker-dir/confluent-6.0.0/scripts/../bin/../share/java/kafka/jersey-container-servlet-core-2.30.jar:/home/sudhir/docker-dir/confluent-6.0.0/scripts/../bin/../share/java/kafka/kafka_2.13-6.0.0-ccs-sources.jar:/home/sudhir/docker-dir/confluent-6.0.0/scripts/../bin/../share/java/kafka/slf4j-api-1.7.30.jar:/home/sudhir/docker-dir/confluent-6.0.0/scripts/../bin/../share/java/kafka/javax.servlet-api-3.1.0.jar:/home/sudhir/docker-dir/confluent-6.0.0/scripts/../bin/../share/java/kafka/jackson-annotations-2.10.5.jar:/home/sudhir/docker-dir/confluent-6.0.0/scripts/../bin/../share/java/kafka/netty-transport-4.1.50.Final.jar:/home/sudhir/docker-dir/confluent-6.0.0/scripts/../bin/../share/java/kafka/jackson-jaxrs-base-2.10.5.jar:/home/sudhir/docker-dir/confluent-6.0.0/scripts/../bin/../share/java/kafka/hk2-api-2.6.1.jar:/home/sudhir/docker-dir/confluent-6.0.0/scripts/../bin/../share/java/kafka/netty-transport-native-epoll-4.1.50.Final.jar:/home/sudhir/docker-dir/confluent-6.0.0/scripts/../bin/../share/java/kafka/kafka-streams-6.0.0-ccs.jar:/home/sudhir/docker-dir/confluent-6.0.0/scripts/../bin/../share/java/kafka/kafka_2.13-6.0.0-ccs.jar:/home/sudhir/docker-dir/confluent-6.0.0/scripts/../bin/../share/java/kafka/plexus-utils-3.2.1.jar:/home/sudhir/docker-dir/confluent-6.0.0/scripts/../bin/../share/java/kafka/netty-codec-4.1.50.Final.jar:/home/sudhir/docker-dir/confluent-6.0.0/scripts/../bin/../share/java/kafka/hk2-locator-2.6.1.jar:/home/sudhir/docker-dir/confluent-6.0.0/scripts/../bin/../share/java/kafka/jetty-http-9.4.24.v20191120.jar:/home/sudhir/docker-dir/confluent-6.0.0/scripts/../bin/../share/java/kafka/kafka-log4j-appender-6.0.0-ccs.jar:/home/sudhir/docker-dir/confluent-6.0.0/scripts/../bin/../share/java/kafka/jackson-core-2.10.5.jar:/home/sudhir/docker-dir/confluent-6.0.0/scripts/../bin/../share/java/kafka/connect-mirror-6.0.0-ccs.jar:/home/sudhir/docker-dir/confluent-6.0.0/scripts/../bin/../share/java/kafka/jaxb-api-2.3.0.jar:/home/sudhir/docker-dir/confluent-6.0.0/scripts/../bin/../share/java/kafka/jetty-io-9.4.24.v20191120.jar:/home/sudhir/docker-dir/confluent-6.0.0/scripts/../bin/../share/java/kafka/jetty-servlets-9.4.24.v20191120.jar:/home/sudhir/docker-dir/confluent-6.0.0/scripts/../bin/../share/java/kafka/jetty-server-9.4.24.v20191120.jar:/home/sudhir/docker-dir/confluent-6.0.0/scripts/../bin/../share/java/kafka/javassist-3.25.0-GA.jar:/home/sudhir/docker-dir/confluent-6.0.0/scripts/../bin/../share/java/kafka/javax.ws.rs-api-2.1.1.jar:/home/sudhir/docker-dir/confluent-6.0.0/scripts/../bin/../share/java/kafka/scala-java8-compat_2.13-0.9.1.jar:/home/sudhir/docker-dir/confluent-6.0.0/scripts/../bin/../share/java/kafka/scala-library-2.13.2.jar:/home/sudhir/docker-dir/confluent-6.0.0/scripts/../bin/../share/java/kafka/jersey-common-2.30.jar:/home/sudhir/docker-dir/confluent-6.0.0/scripts/../bin/../share/java/kafka/rocksdbjni-5.18.4.jar:/home/sudhir/docker-dir/confluent-6.0.0/scripts/../bin/../share/java/kafka/zookeeper-3.5.8.jar:/home/sudhir/docker-dir/confluent-6.0.0/scripts/../bin/../share/java/kafka/jakarta.inject-2.6.1.jar:/home/sudhir/docker-dir/confluent-6.0.0/scripts/../bin/../share/java/kafka/jersey-server-2.30.jar:/home/sudhir/docker-dir/confluent-6.0.0/scripts/../bin/../share/java/kafka/netty-handler-4.1.50.Final.jar:/home/sudhir/docker-dir/confluent-6.0.0/scripts/../bin/../share/java/kafka/kafka_2.13-6.0.0-ccs-javadoc.jar:/home/sudhir/docker-dir/confluent-6.0.0/scripts/../bin/../share/java/kafka/connect-api-6.0.0-ccs.jar:/home/sudhir/docker-dir/confluent-6.0.0/scripts/../bin/../share/java/kafka/jackson-dataformat-csv-2.10.5.jar:/home/sudhir/docker-dir/confluent-6.0.0/scripts/../bin/../share/java/kafka/scala-logging_2.13-3.9.2.jar:/home/sudhir/docker-dir/confluent-6.0.0/scripts/../bin/../share/java/kafka/netty-common-4.1.50.Final.jar:/home/sudhir/docker-dir/confluent-6.0.0/scripts/../bin/../share/java/kafka/osgi-resource-locator-1.0.3.jar:/home/sudhir/docker-dir/confluent-6.0.0/scripts/../bin/../share/java/kafka/jakarta.xml.bind-api-2.3.2.jar:/home/sudhir/docker-dir/confluent-6.0.0/scripts/../bin/../share/java/kafka/jopt-simple-5.0.4.jar:/home/sudhir/docker-dir/confluent-6.0.0/scripts/../bin/../share/java/kafka/aopalliance-repackaged-2.6.1.jar:/home/sudhir/docker-dir/confluent-6.0.0/scripts/../bin/../share/java/kafka/kafka-tools-6.0.0-ccs.jar:/home/sudhir/docker-dir/confluent-6.0.0/scripts/../bin/../share/java/kafka/connect-mirror-client-6.0.0-ccs.jar:/home/sudhir/docker-dir/confluent-6.0.0/scripts/../bin/../share/java/kafka/kafka-streams-examples-6.0.0-ccs.jar:/home/sudhir/docker-dir/confluent-6.0.0/scripts/../bin/../share/java/kafka/connect-file-6.0.0-ccs.jar:/home/sudhir/docker-dir/confluent-6.0.0/scripts/../bin/../share/java/kafka/jetty-security-9.4.24.v20191120.jar:/home/sudhir/docker-dir/confluent-6.0.0/scripts/../bin/../share/java/kafka/jersey-container-servlet-2.30.jar:/home/sudhir/docker-dir/confluent-6.0.0/scripts/../bin/../share/java/kafka/jackson-module-scala_2.13-2.10.5.jar:/home/sudhir/docker-dir/confluent-6.0.0/scripts/../bin/../share/java/kafka/jakarta.annotation-api-1.3.5.jar:/home/sudhir/docker-dir/confluent-6.0.0/scripts/../bin/../share/java/kafka/scala-collection-compat_2.13-2.1.6.jar:/home/sudhir/docker-dir/confluent-6.0.0/scripts/../bin/../share/java/kafka/jersey-hk2-2.30.jar:/home/sudhir/docker-dir/confluent-6.0.0/scripts/../bin/../share/java/kafka/jetty-continuation-9.4.24.v20191120.jar:/home/sudhir/docker-dir/confluent-6.0.0/scripts/../bin/../share/java/kafka/jackson-databind-2.10.5.jar:/home/sudhir/docker-dir/confluent-6.0.0/scripts/../bin/../share/java/kafka/connect-runtime-6.0.0-ccs.jar:/home/sudhir/docker-dir/confluent-6.0.0/scripts/../bin/../share/java/kafka/jackson-module-jaxb-annotations-2.10.5.jar:/home/sudhir/docker-dir/confluent-6.0.0/scripts/../bin/../share/java/confluent-telemetry/* (org.apache.zookeeper.server.ZooKeeperServer)
[2020-12-29 04:40:43,538] INFO Server environment:java.library.path=/usr/java/packages/lib:/usr/lib/x86_64-linux-gnu/jni:/lib/x86_64-linux-gnu:/usr/lib/x86_64-linux-gnu:/usr/lib/jni:/lib:/usr/lib (org.apache.zookeeper.server.ZooKeeperServer)
[2020-12-29 04:40:43,539] INFO Server environment:java.io.tmpdir=/tmp (org.apache.zookeeper.server.ZooKeeperServer)
[2020-12-29 04:40:43,539] INFO Server environment:java.compiler=<NA> (org.apache.zookeeper.server.ZooKeeperServer)
[2020-12-29 04:40:43,539] INFO Server environment:os.name=Linux (org.apache.zookeeper.server.ZooKeeperServer)
[2020-12-29 04:40:43,539] INFO Server environment:os.arch=amd64 (org.apache.zookeeper.server.ZooKeeperServer)
[2020-12-29 04:40:43,540] INFO Server environment:os.version=5.7.0-kali1-amd64 (org.apache.zookeeper.server.ZooKeeperServer)
[2020-12-29 04:40:43,540] INFO Server environment:user.name=root (org.apache.zookeeper.server.ZooKeeperServer)
[2020-12-29 04:40:43,540] INFO Server environment:user.home=/root (org.apache.zookeeper.server.ZooKeeperServer)
[2020-12-29 04:40:43,540] INFO Server environment:user.dir=/home/sudhir/docker-dir/confluent-6.0.0/scripts (org.apache.zookeeper.server.ZooKeeperServer)
[2020-12-29 04:40:43,540] INFO Server environment:os.memory.free=495MB (org.apache.zookeeper.server.ZooKeeperServer)
[2020-12-29 04:40:43,540] INFO Server environment:os.memory.max=512MB (org.apache.zookeeper.server.ZooKeeperServer)
[2020-12-29 04:40:43,542] INFO Server environment:os.memory.total=512MB (org.apache.zookeeper.server.ZooKeeperServer)
[2020-12-29 04:40:43,546] INFO minSessionTimeout set to 6000 (org.apache.zookeeper.server.ZooKeeperServer)
[2020-12-29 04:40:43,548] INFO maxSessionTimeout set to 60000 (org.apache.zookeeper.server.ZooKeeperServer)
[2020-12-29 04:40:43,549] INFO Created server with tickTime 3000 minSessionTimeout 6000 maxSessionTimeout 60000 datadir /tmp/zookeeper/version-2 snapdir /tmp/zookeeper/version-2 (org.apache.zookeeper.server.ZooKeeperServer)
[2020-12-29 04:40:43,588] INFO Using org.apache.zookeeper.server.NIOServerCnxnFactory as server connection factory (org.apache.zookeeper.server.ServerCnxnFactory)
[2020-12-29 04:40:43,599] INFO Configuring NIO connection handler with 10s sessionless connection timeout, 1 selector thread(s), 4 worker threads, and 64 kB direct buffers. (org.apache.zookeeper.server.NIOServerCnxnFactory)
[2020-12-29 04:40:43,615] INFO binding to port 0.0.0.0/0.0.0.0:2181 (org.apache.zookeeper.server.NIOServerCnxnFactory)
[2020-12-29 04:40:43,626] ERROR Unexpected exception, exiting abnormally (org.apache.zookeeper.server.ZooKeeperServerMain)
java.net.BindException: Address already in use
	at java.base/sun.nio.ch.Net.bind0(Native Method)
	at java.base/sun.nio.ch.Net.bind(Net.java:455)
	at java.base/sun.nio.ch.Net.bind(Net.java:447)
	at java.base/sun.nio.ch.ServerSocketChannelImpl.bind(ServerSocketChannelImpl.java:227)
	at java.base/sun.nio.ch.ServerSocketAdaptor.bind(ServerSocketAdaptor.java:80)
	at java.base/sun.nio.ch.ServerSocketAdaptor.bind(ServerSocketAdaptor.java:73)
	at org.apache.zookeeper.server.NIOServerCnxnFactory.configure(NIOServerCnxnFactory.java:687)
	at org.apache.zookeeper.server.ZooKeeperServerMain.runFromConfig(ZooKeeperServerMain.java:143)
	at org.apache.zookeeper.server.ZooKeeperServerMain.initializeAndRun(ZooKeeperServerMain.java:106)
	at org.apache.zookeeper.server.ZooKeeperServerMain.main(ZooKeeperServerMain.java:64)
	at org.apache.zookeeper.server.quorum.QuorumPeerMain.initializeAndRun(QuorumPeerMain.java:128)
	at org.apache.zookeeper.server.quorum.QuorumPeerMain.main(QuorumPeerMain.java:82)
